<?xml version="1.0" encoding="UTF-8"?>
<testsuite name="ExampleTest" tests="1" skipped="0" failures="0" errors="0" timestamp="2024-12-20T14:23:23" hostname="air" time="0.003">
  <properties/>
  <testcase name="exampleTest" classname="ExampleTest" time="0.003"/>
  <system-out><![CDATA[]]></system-out>
  <system-err><![CDATA[]]></system-err>
</testsuite>
