<?xml version="1.0" encoding="UTF-8"?>
<testsuite name="pt.up.fe.els2024.ExampleTest" tests="1" skipped="0" failures="0" errors="0" timestamp="2024-12-20T14:23:23" hostname="air" time="0.0">
  <properties/>
  <testcase name="exampleTest" classname="pt.up.fe.els2024.ExampleTest" time="0.0"/>
  <system-out><![CDATA[]]></system-out>
  <system-err><![CDATA[]]></system-err>
</testsuite>
